<?xml version="1.0" encoding="UTF-8"?>
<!-- Generated by org.testng.reporters.JUnitXMLReporter -->
<testsuite hostname="voliyarnyk1993" ignored="0" name="Firefox" tests="5" failures="4" timestamp="15 черв. 2017 16:13:41 GMT" time="9.125" errors="0">
  <testcase name="testTextFromFirstSearchResult" time="3.271" classname="com.web.test.FirefoxGoogleSearchTests"/>
  <testcase name="test123" time="0.21" classname="com.web.test.FirefoxGoogleSearchTests">
    <failure type="java.lang.NullPointerException">
      <![CDATA[java.lang.NullPointerException
	at com.google.common.base.Preconditions.checkNotNull(Preconditions.java:770)
	at org.openqa.selenium.support.ui.FluentWait.<init>(FluentWait.java:96)
	at org.openqa.selenium.support.ui.WebDriverWait.<init>(WebDriverWait.java:71)
	at org.openqa.selenium.support.ui.WebDriverWait.<init>(WebDriverWait.java:45)
	at com.main.objects.AbstractMainPage.waitForElement(AbstractMainPage.java:17)
	at com.main.objects.AbstractMainPage.waitForElementToBeVisible(AbstractMainPage.java:21)
	at com.main.objects.AbstractMainPage.waitAndGetText(AbstractMainPage.java:29)
	at com.google.pages.GoogleResultPage.getTextFromFirstSearchResult(GoogleResultPage.java:23)
	at com.web.test.FirefoxGoogleSearchTests.test123(FirefoxGoogleSearchTests.java:35)
	at java.util.concurrent.ThreadPoolExecutor.runWorker(Unknown Source)
	at java.util.concurrent.ThreadPoolExecutor$Worker.run(Unknown Source)
	at java.lang.Thread.run(Unknown Source)
... Removed 10 stack frames]]>
    </failure>
  </testcase> <!-- test123 -->
  <testcase name="test" time="0.001" classname="com.web.test.FirefoxGoogleSearchTests">
    <failure type="java.lang.NullPointerException">
      <![CDATA[java.lang.NullPointerException
	at org.openqa.selenium.support.pagefactory.DefaultElementLocator.findElement(DefaultElementLocator.java:69)
	at org.openqa.selenium.support.pagefactory.internal.LocatingElementHandler.invoke(LocatingElementHandler.java:38)
	at com.sun.proxy.$Proxy7.clear(Unknown Source)
	at com.google.pages.GoogleResultPage.searchSomeText(GoogleResultPage.java:16)
	at com.web.test.FirefoxGoogleSearchTests.test(FirefoxGoogleSearchTests.java:40)
	at java.util.concurrent.ThreadPoolExecutor.runWorker(Unknown Source)
	at java.util.concurrent.ThreadPoolExecutor$Worker.run(Unknown Source)
	at java.lang.Thread.run(Unknown Source)
... Removed 10 stack frames]]>
    </failure>
  </testcase> <!-- test -->
  <testcase name="test" time="0.001" classname="com.web.test.FirefoxGoogleSearchTests">
    <failure type="java.lang.NullPointerException">
      <![CDATA[java.lang.NullPointerException
	at org.openqa.selenium.support.pagefactory.DefaultElementLocator.findElement(DefaultElementLocator.java:69)
	at org.openqa.selenium.support.pagefactory.internal.LocatingElementHandler.invoke(LocatingElementHandler.java:38)
	at com.sun.proxy.$Proxy7.clear(Unknown Source)
	at com.google.pages.GoogleResultPage.searchSomeText(GoogleResultPage.java:16)
	at com.web.test.FirefoxGoogleSearchTests.test(FirefoxGoogleSearchTests.java:40)
	at java.util.concurrent.ThreadPoolExecutor.runWorker(Unknown Source)
	at java.util.concurrent.ThreadPoolExecutor$Worker.run(Unknown Source)
	at java.lang.Thread.run(Unknown Source)
... Removed 10 stack frames]]>
    </failure>
  </testcase> <!-- test -->
  <testcase name="test" time="0.001" classname="com.web.test.FirefoxGoogleSearchTests">
    <failure type="java.lang.NullPointerException">
      <![CDATA[java.lang.NullPointerException
	at org.openqa.selenium.support.pagefactory.DefaultElementLocator.findElement(DefaultElementLocator.java:69)
	at org.openqa.selenium.support.pagefactory.internal.LocatingElementHandler.invoke(LocatingElementHandler.java:38)
	at com.sun.proxy.$Proxy7.clear(Unknown Source)
	at com.google.pages.GoogleResultPage.searchSomeText(GoogleResultPage.java:16)
	at com.web.test.FirefoxGoogleSearchTests.test(FirefoxGoogleSearchTests.java:40)
	at java.util.concurrent.ThreadPoolExecutor.runWorker(Unknown Source)
	at java.util.concurrent.ThreadPoolExecutor$Worker.run(Unknown Source)
	at java.lang.Thread.run(Unknown Source)
... Removed 10 stack frames]]>
    </failure>
  </testcase> <!-- test -->
</testsuite> <!-- Firefox -->
