<?xml version="1.0" encoding="UTF-8"?>
<!-- Generated by org.testng.reporters.JUnitXMLReporter -->
<testsuite hostname="voliyarnyk1993" ignored="0" name="Firefox" tests="5" failures="4" timestamp="16 черв. 2017 06:22:17 GMT" time="19.626" errors="0">
  <testcase name="testTextFromFirstSearchResult" time="3.499" classname="com.web.test.FirefoxGoogleSearchTests"/>
  <testcase name="test123" time="1.95" classname="com.web.test.FirefoxGoogleSearchTests">
    <failure type="java.lang.AssertionError" message="failed! expected [qqq] but found [qqq 139.98 -3.59 -2.50% : powershares qqq trust, series 1 - yahoo ...]">
      <![CDATA[java.lang.AssertionError: failed! expected [qqq] but found [qqq 139.98 -3.59 -2.50% : powershares qqq trust, series 1 - yahoo ...]
	at com.web.test.FirefoxGoogleSearchTests.test123(FirefoxGoogleSearchTests.java:35)
	at java.util.concurrent.FutureTask.run(Unknown Source)
	at java.util.concurrent.ThreadPoolExecutor.runWorker(Unknown Source)
	at java.util.concurrent.ThreadPoolExecutor$Worker.run(Unknown Source)
	at java.lang.Thread.run(Unknown Source)
... Removed 21 stack frames]]>
    </failure>
  </testcase> <!-- test123 -->
  <testcase name="test" time="1.249" classname="com.web.test.FirefoxGoogleSearchTests">
    <failure type="java.lang.AssertionError" message="failed! expected [qaz] but found [qaz - youtube]">
      <![CDATA[java.lang.AssertionError: failed! expected [qaz] but found [qaz - youtube]
	at com.web.test.FirefoxGoogleSearchTests.test(FirefoxGoogleSearchTests.java:41)
	at java.util.concurrent.FutureTask.run(Unknown Source)
	at java.util.concurrent.ThreadPoolExecutor.runWorker(Unknown Source)
	at java.util.concurrent.ThreadPoolExecutor$Worker.run(Unknown Source)
	at java.lang.Thread.run(Unknown Source)
... Removed 21 stack frames]]>
    </failure>
  </testcase> <!-- test -->
  <testcase name="test" time="1.239" classname="com.web.test.FirefoxGoogleSearchTests">
    <failure type="java.lang.AssertionError" message="failed! expected [wsx] but found [wsx d.i.f.h entrance music the envy - youtube]">
      <![CDATA[java.lang.AssertionError: failed! expected [wsx] but found [wsx d.i.f.h entrance music the envy - youtube]
	at com.web.test.FirefoxGoogleSearchTests.test(FirefoxGoogleSearchTests.java:41)
	at java.util.concurrent.FutureTask.run(Unknown Source)
	at java.util.concurrent.ThreadPoolExecutor.runWorker(Unknown Source)
	at java.util.concurrent.ThreadPoolExecutor$Worker.run(Unknown Source)
	at java.lang.Thread.run(Unknown Source)
... Removed 21 stack frames]]>
    </failure>
  </testcase> <!-- test -->
  <testcase name="test" time="1.793" classname="com.web.test.FirefoxGoogleSearchTests">
    <failure type="java.lang.AssertionError" message="failed! expected [edc] but found [edc — википедия]">
      <![CDATA[java.lang.AssertionError: failed! expected [edc] but found [edc — википедия]
	at com.web.test.FirefoxGoogleSearchTests.test(FirefoxGoogleSearchTests.java:41)
	at java.util.concurrent.FutureTask.run(Unknown Source)
	at java.util.concurrent.ThreadPoolExecutor.runWorker(Unknown Source)
	at java.util.concurrent.ThreadPoolExecutor$Worker.run(Unknown Source)
	at java.lang.Thread.run(Unknown Source)
... Removed 21 stack frames]]>
    </failure>
  </testcase> <!-- test -->
</testsuite> <!-- Firefox -->
