<?xml version="1.0" encoding="UTF-8"?>
<!-- Generated by org.testng.reporters.JUnitXMLReporter -->
<testsuite hostname="voliyarnyk1993" ignored="0" name="FirefoxGoogleSearchTests" tests="5" failures="4" timestamp="16 черв. 2017 18:15:55 GMT" time="19.115" errors="0">
  <testcase name="testTextFromFirstSearchResult" time="5.719" classname="com.web.test.FirefoxGoogleSearchTests"/>
  <testcase name="test123" time="1.376" classname="com.web.test.FirefoxGoogleSearchTests">
    <failure type="java.lang.AssertionError" message="failed! expected [qqq] but found [qqq 139.13 -0.62 -0.44% : powershares qqq trust, ser 1 - yahoo ...]">
      <![CDATA[java.lang.AssertionError: failed! expected [qqq] but found [qqq 139.13 -0.62 -0.44% : powershares qqq trust, ser 1 - yahoo ...]
	at com.web.test.FirefoxGoogleSearchTests.test123(FirefoxGoogleSearchTests.java:35)
... Removed 30 stack frames]]>
    </failure>
  </testcase> <!-- test123 -->
  <testcase name="test" time="1.535" classname="com.web.test.FirefoxGoogleSearchTests">
    <failure type="java.lang.AssertionError" message="failed! expected [qaz] but found [qaz - youtube]">
      <![CDATA[java.lang.AssertionError: failed! expected [qaz] but found [qaz - youtube]
	at com.web.test.FirefoxGoogleSearchTests.test(FirefoxGoogleSearchTests.java:41)
... Removed 30 stack frames]]>
    </failure>
  </testcase> <!-- test -->
  <testcase name="test" time="1.997" classname="com.web.test.FirefoxGoogleSearchTests">
    <failure type="java.lang.AssertionError" message="failed! expected [wsx] but found [wsx d.i.f.h entrance music the envy - youtube]">
      <![CDATA[java.lang.AssertionError: failed! expected [wsx] but found [wsx d.i.f.h entrance music the envy - youtube]
	at com.web.test.FirefoxGoogleSearchTests.test(FirefoxGoogleSearchTests.java:41)
... Removed 30 stack frames]]>
    </failure>
  </testcase> <!-- test -->
  <testcase name="test" time="1.341" classname="com.web.test.FirefoxGoogleSearchTests">
    <failure type="java.lang.AssertionError" message="failed! expected [edc] but found [everyday carry - what are your edc essentials?]">
      <![CDATA[java.lang.AssertionError: failed! expected [edc] but found [everyday carry - what are your edc essentials?]
	at com.web.test.FirefoxGoogleSearchTests.test(FirefoxGoogleSearchTests.java:41)
... Removed 30 stack frames]]>
    </failure>
  </testcase> <!-- test -->
</testsuite> <!-- FirefoxGoogleSearchTests -->
