<?xml version="1.0" encoding="UTF-8"?>
<testng-results skipped="0" failed="8" ignored="0" total="10" passed="2">
  <reporter-output>
  </reporter-output>
  <suite name="GoogleSearchTests" duration-ms="18011" started-at="2017-06-15T16:13:23Z" finished-at="2017-06-15T16:13:41Z">
    <groups>
    </groups>
    <test name="Chrome" duration-ms="8825" started-at="2017-06-15T16:13:23Z" finished-at="2017-06-15T16:13:31Z">
      <class name="com.web.test.ChromeGoogleSearchTests">
        <test-method status="PASS" signature="beforeClass()[pri:0, instance:com.web.test.ChromeGoogleSearchTests@13deb50e]" name="beforeClass" is-config="true" duration-ms="4953" started-at="2017-06-15T19:13:23Z" finished-at="2017-06-15T19:13:28Z">
          <reporter-output>
          </reporter-output>
        </test-method> <!-- beforeClass -->
        <test-method status="PASS" signature="testTextFromFirstSearchResult()[pri:1, instance:com.web.test.ChromeGoogleSearchTests@13deb50e]" name="testTextFromFirstSearchResult" duration-ms="3731" started-at="2017-06-15T19:13:28Z" finished-at="2017-06-15T19:13:31Z">
          <reporter-output>
          </reporter-output>
        </test-method> <!-- testTextFromFirstSearchResult -->
        <test-method status="FAIL" signature="test123()[pri:2, instance:com.web.test.ChromeGoogleSearchTests@13deb50e]" name="test123" duration-ms="118" started-at="2017-06-15T19:13:31Z" finished-at="2017-06-15T19:13:31Z">
          <exception class="java.lang.NullPointerException">
            <full-stacktrace>
              <![CDATA[java.lang.NullPointerException
	at com.google.common.base.Preconditions.checkNotNull(Preconditions.java:770)
	at org.openqa.selenium.support.ui.FluentWait.<init>(FluentWait.java:96)
	at org.openqa.selenium.support.ui.WebDriverWait.<init>(WebDriverWait.java:71)
	at org.openqa.selenium.support.ui.WebDriverWait.<init>(WebDriverWait.java:45)
	at com.main.objects.AbstractMainPage.waitForElement(AbstractMainPage.java:17)
	at com.main.objects.AbstractMainPage.waitForElementToBeVisible(AbstractMainPage.java:21)
	at com.main.objects.AbstractMainPage.waitAndGetText(AbstractMainPage.java:29)
	at com.google.pages.GoogleResultPage.getTextFromFirstSearchResult(GoogleResultPage.java:23)
	at com.web.test.ChromeGoogleSearchTests.test123(ChromeGoogleSearchTests.java:35)
	at sun.reflect.NativeMethodAccessorImpl.invoke0(Native Method)
	at sun.reflect.NativeMethodAccessorImpl.invoke(Unknown Source)
	at sun.reflect.DelegatingMethodAccessorImpl.invoke(Unknown Source)
	at java.lang.reflect.Method.invoke(Unknown Source)
	at org.testng.internal.MethodInvocationHelper.invokeMethod(MethodInvocationHelper.java:108)
	at org.testng.internal.Invoker.invokeMethod(Invoker.java:661)
	at org.testng.internal.Invoker.invokeTestMethod(Invoker.java:869)
	at org.testng.internal.Invoker.invokeTestMethods(Invoker.java:1193)
	at org.testng.internal.TestMethodWorker.invokeTestMethods(TestMethodWorker.java:126)
	at org.testng.internal.TestMethodWorker.run(TestMethodWorker.java:109)
	at java.util.concurrent.ThreadPoolExecutor.runWorker(Unknown Source)
	at java.util.concurrent.ThreadPoolExecutor$Worker.run(Unknown Source)
	at java.lang.Thread.run(Unknown Source)
]]>
            </full-stacktrace>
          </exception> <!-- java.lang.NullPointerException -->
          <reporter-output>
          </reporter-output>
        </test-method> <!-- test123 -->
        <test-method status="FAIL" signature="test(java.lang.String, java.lang.String)[pri:3, instance:com.web.test.ChromeGoogleSearchTests@13deb50e]" name="test" duration-ms="1" started-at="2017-06-15T19:13:31Z" data-provider="dataForTests" finished-at="2017-06-15T19:13:31Z">
          <params>
            <param index="0">
              <value>
                <![CDATA[qaz]]>
              </value>
            </param>
            <param index="1">
              <value>
                <![CDATA[qaz]]>
              </value>
            </param>
          </params>
          <exception class="java.lang.NullPointerException">
            <full-stacktrace>
              <![CDATA[java.lang.NullPointerException
	at org.openqa.selenium.support.pagefactory.DefaultElementLocator.findElement(DefaultElementLocator.java:69)
	at org.openqa.selenium.support.pagefactory.internal.LocatingElementHandler.invoke(LocatingElementHandler.java:38)
	at com.sun.proxy.$Proxy7.clear(Unknown Source)
	at com.google.pages.GoogleResultPage.searchSomeText(GoogleResultPage.java:16)
	at com.web.test.ChromeGoogleSearchTests.test(ChromeGoogleSearchTests.java:40)
	at sun.reflect.NativeMethodAccessorImpl.invoke0(Native Method)
	at sun.reflect.NativeMethodAccessorImpl.invoke(Unknown Source)
	at sun.reflect.DelegatingMethodAccessorImpl.invoke(Unknown Source)
	at java.lang.reflect.Method.invoke(Unknown Source)
	at org.testng.internal.MethodInvocationHelper.invokeMethod(MethodInvocationHelper.java:108)
	at org.testng.internal.Invoker.invokeMethod(Invoker.java:661)
	at org.testng.internal.Invoker.invokeTestMethod(Invoker.java:869)
	at org.testng.internal.Invoker.invokeTestMethods(Invoker.java:1193)
	at org.testng.internal.TestMethodWorker.invokeTestMethods(TestMethodWorker.java:126)
	at org.testng.internal.TestMethodWorker.run(TestMethodWorker.java:109)
	at java.util.concurrent.ThreadPoolExecutor.runWorker(Unknown Source)
	at java.util.concurrent.ThreadPoolExecutor$Worker.run(Unknown Source)
	at java.lang.Thread.run(Unknown Source)
]]>
            </full-stacktrace>
          </exception> <!-- java.lang.NullPointerException -->
          <reporter-output>
          </reporter-output>
        </test-method> <!-- test -->
        <test-method status="FAIL" signature="test(java.lang.String, java.lang.String)[pri:3, instance:com.web.test.ChromeGoogleSearchTests@13deb50e]" name="test" duration-ms="1" started-at="2017-06-15T19:13:31Z" data-provider="dataForTests" finished-at="2017-06-15T19:13:31Z">
          <params>
            <param index="0">
              <value>
                <![CDATA[wsx]]>
              </value>
            </param>
            <param index="1">
              <value>
                <![CDATA[wsx]]>
              </value>
            </param>
          </params>
          <exception class="java.lang.NullPointerException">
            <full-stacktrace>
              <![CDATA[java.lang.NullPointerException
	at org.openqa.selenium.support.pagefactory.DefaultElementLocator.findElement(DefaultElementLocator.java:69)
	at org.openqa.selenium.support.pagefactory.internal.LocatingElementHandler.invoke(LocatingElementHandler.java:38)
	at com.sun.proxy.$Proxy7.clear(Unknown Source)
	at com.google.pages.GoogleResultPage.searchSomeText(GoogleResultPage.java:16)
	at com.web.test.ChromeGoogleSearchTests.test(ChromeGoogleSearchTests.java:40)
	at sun.reflect.NativeMethodAccessorImpl.invoke0(Native Method)
	at sun.reflect.NativeMethodAccessorImpl.invoke(Unknown Source)
	at sun.reflect.DelegatingMethodAccessorImpl.invoke(Unknown Source)
	at java.lang.reflect.Method.invoke(Unknown Source)
	at org.testng.internal.MethodInvocationHelper.invokeMethod(MethodInvocationHelper.java:108)
	at org.testng.internal.Invoker.invokeMethod(Invoker.java:661)
	at org.testng.internal.Invoker.invokeTestMethod(Invoker.java:869)
	at org.testng.internal.Invoker.invokeTestMethods(Invoker.java:1193)
	at org.testng.internal.TestMethodWorker.invokeTestMethods(TestMethodWorker.java:126)
	at org.testng.internal.TestMethodWorker.run(TestMethodWorker.java:109)
	at java.util.concurrent.ThreadPoolExecutor.runWorker(Unknown Source)
	at java.util.concurrent.ThreadPoolExecutor$Worker.run(Unknown Source)
	at java.lang.Thread.run(Unknown Source)
]]>
            </full-stacktrace>
          </exception> <!-- java.lang.NullPointerException -->
          <reporter-output>
          </reporter-output>
        </test-method> <!-- test -->
        <test-method status="FAIL" signature="test(java.lang.String, java.lang.String)[pri:3, instance:com.web.test.ChromeGoogleSearchTests@13deb50e]" name="test" duration-ms="1" started-at="2017-06-15T19:13:31Z" data-provider="dataForTests" finished-at="2017-06-15T19:13:31Z">
          <params>
            <param index="0">
              <value>
                <![CDATA[edc]]>
              </value>
            </param>
            <param index="1">
              <value>
                <![CDATA[edc]]>
              </value>
            </param>
          </params>
          <exception class="java.lang.NullPointerException">
            <full-stacktrace>
              <![CDATA[java.lang.NullPointerException
	at org.openqa.selenium.support.pagefactory.DefaultElementLocator.findElement(DefaultElementLocator.java:69)
	at org.openqa.selenium.support.pagefactory.internal.LocatingElementHandler.invoke(LocatingElementHandler.java:38)
	at com.sun.proxy.$Proxy7.clear(Unknown Source)
	at com.google.pages.GoogleResultPage.searchSomeText(GoogleResultPage.java:16)
	at com.web.test.ChromeGoogleSearchTests.test(ChromeGoogleSearchTests.java:40)
	at sun.reflect.NativeMethodAccessorImpl.invoke0(Native Method)
	at sun.reflect.NativeMethodAccessorImpl.invoke(Unknown Source)
	at sun.reflect.DelegatingMethodAccessorImpl.invoke(Unknown Source)
	at java.lang.reflect.Method.invoke(Unknown Source)
	at org.testng.internal.MethodInvocationHelper.invokeMethod(MethodInvocationHelper.java:108)
	at org.testng.internal.Invoker.invokeMethod(Invoker.java:661)
	at org.testng.internal.Invoker.invokeTestMethod(Invoker.java:869)
	at org.testng.internal.Invoker.invokeTestMethods(Invoker.java:1193)
	at org.testng.internal.TestMethodWorker.invokeTestMethods(TestMethodWorker.java:126)
	at org.testng.internal.TestMethodWorker.run(TestMethodWorker.java:109)
	at java.util.concurrent.ThreadPoolExecutor.runWorker(Unknown Source)
	at java.util.concurrent.ThreadPoolExecutor$Worker.run(Unknown Source)
	at java.lang.Thread.run(Unknown Source)
]]>
            </full-stacktrace>
          </exception> <!-- java.lang.NullPointerException -->
          <reporter-output>
          </reporter-output>
        </test-method> <!-- test -->
        <test-method status="PASS" signature="afterClass()[pri:0, instance:com.web.test.ChromeGoogleSearchTests@13deb50e]" name="afterClass" is-config="true" duration-ms="0" started-at="2017-06-15T19:13:31Z" finished-at="2017-06-15T19:13:31Z">
          <reporter-output>
          </reporter-output>
        </test-method> <!-- afterClass -->
      </class> <!-- com.web.test.ChromeGoogleSearchTests -->
    </test> <!-- Chrome -->
    <test name="Firefox" duration-ms="9125" started-at="2017-06-15T16:13:31Z" finished-at="2017-06-15T16:13:41Z">
      <class name="com.web.test.FirefoxGoogleSearchTests">
        <test-method status="PASS" signature="beforeClass()[pri:0, instance:com.web.test.FirefoxGoogleSearchTests@6e06451e]" name="beforeClass" is-config="true" duration-ms="5608" started-at="2017-06-15T19:13:31Z" finished-at="2017-06-15T19:13:37Z">
          <reporter-output>
          </reporter-output>
        </test-method> <!-- beforeClass -->
        <test-method status="PASS" signature="testTextFromFirstSearchResult()[pri:1, instance:com.web.test.FirefoxGoogleSearchTests@6e06451e]" name="testTextFromFirstSearchResult" duration-ms="3271" started-at="2017-06-15T19:13:37Z" finished-at="2017-06-15T19:13:40Z">
          <reporter-output>
          </reporter-output>
        </test-method> <!-- testTextFromFirstSearchResult -->
        <test-method status="FAIL" signature="test123()[pri:2, instance:com.web.test.FirefoxGoogleSearchTests@6e06451e]" name="test123" duration-ms="210" started-at="2017-06-15T19:13:40Z" finished-at="2017-06-15T19:13:41Z">
          <exception class="java.lang.NullPointerException">
            <full-stacktrace>
              <![CDATA[java.lang.NullPointerException
	at com.google.common.base.Preconditions.checkNotNull(Preconditions.java:770)
	at org.openqa.selenium.support.ui.FluentWait.<init>(FluentWait.java:96)
	at org.openqa.selenium.support.ui.WebDriverWait.<init>(WebDriverWait.java:71)
	at org.openqa.selenium.support.ui.WebDriverWait.<init>(WebDriverWait.java:45)
	at com.main.objects.AbstractMainPage.waitForElement(AbstractMainPage.java:17)
	at com.main.objects.AbstractMainPage.waitForElementToBeVisible(AbstractMainPage.java:21)
	at com.main.objects.AbstractMainPage.waitAndGetText(AbstractMainPage.java:29)
	at com.google.pages.GoogleResultPage.getTextFromFirstSearchResult(GoogleResultPage.java:23)
	at com.web.test.FirefoxGoogleSearchTests.test123(FirefoxGoogleSearchTests.java:35)
	at sun.reflect.NativeMethodAccessorImpl.invoke0(Native Method)
	at sun.reflect.NativeMethodAccessorImpl.invoke(Unknown Source)
	at sun.reflect.DelegatingMethodAccessorImpl.invoke(Unknown Source)
	at java.lang.reflect.Method.invoke(Unknown Source)
	at org.testng.internal.MethodInvocationHelper.invokeMethod(MethodInvocationHelper.java:108)
	at org.testng.internal.Invoker.invokeMethod(Invoker.java:661)
	at org.testng.internal.Invoker.invokeTestMethod(Invoker.java:869)
	at org.testng.internal.Invoker.invokeTestMethods(Invoker.java:1193)
	at org.testng.internal.TestMethodWorker.invokeTestMethods(TestMethodWorker.java:126)
	at org.testng.internal.TestMethodWorker.run(TestMethodWorker.java:109)
	at java.util.concurrent.ThreadPoolExecutor.runWorker(Unknown Source)
	at java.util.concurrent.ThreadPoolExecutor$Worker.run(Unknown Source)
	at java.lang.Thread.run(Unknown Source)
]]>
            </full-stacktrace>
          </exception> <!-- java.lang.NullPointerException -->
          <reporter-output>
          </reporter-output>
        </test-method> <!-- test123 -->
        <test-method status="FAIL" signature="test(java.lang.String, java.lang.String)[pri:3, instance:com.web.test.FirefoxGoogleSearchTests@6e06451e]" name="test" duration-ms="1" started-at="2017-06-15T19:13:41Z" data-provider="dataForTests" finished-at="2017-06-15T19:13:41Z">
          <params>
            <param index="0">
              <value>
                <![CDATA[qaz]]>
              </value>
            </param>
            <param index="1">
              <value>
                <![CDATA[qaz]]>
              </value>
            </param>
          </params>
          <exception class="java.lang.NullPointerException">
            <full-stacktrace>
              <![CDATA[java.lang.NullPointerException
	at org.openqa.selenium.support.pagefactory.DefaultElementLocator.findElement(DefaultElementLocator.java:69)
	at org.openqa.selenium.support.pagefactory.internal.LocatingElementHandler.invoke(LocatingElementHandler.java:38)
	at com.sun.proxy.$Proxy7.clear(Unknown Source)
	at com.google.pages.GoogleResultPage.searchSomeText(GoogleResultPage.java:16)
	at com.web.test.FirefoxGoogleSearchTests.test(FirefoxGoogleSearchTests.java:40)
	at sun.reflect.NativeMethodAccessorImpl.invoke0(Native Method)
	at sun.reflect.NativeMethodAccessorImpl.invoke(Unknown Source)
	at sun.reflect.DelegatingMethodAccessorImpl.invoke(Unknown Source)
	at java.lang.reflect.Method.invoke(Unknown Source)
	at org.testng.internal.MethodInvocationHelper.invokeMethod(MethodInvocationHelper.java:108)
	at org.testng.internal.Invoker.invokeMethod(Invoker.java:661)
	at org.testng.internal.Invoker.invokeTestMethod(Invoker.java:869)
	at org.testng.internal.Invoker.invokeTestMethods(Invoker.java:1193)
	at org.testng.internal.TestMethodWorker.invokeTestMethods(TestMethodWorker.java:126)
	at org.testng.internal.TestMethodWorker.run(TestMethodWorker.java:109)
	at java.util.concurrent.ThreadPoolExecutor.runWorker(Unknown Source)
	at java.util.concurrent.ThreadPoolExecutor$Worker.run(Unknown Source)
	at java.lang.Thread.run(Unknown Source)
]]>
            </full-stacktrace>
          </exception> <!-- java.lang.NullPointerException -->
          <reporter-output>
          </reporter-output>
        </test-method> <!-- test -->
        <test-method status="FAIL" signature="test(java.lang.String, java.lang.String)[pri:3, instance:com.web.test.FirefoxGoogleSearchTests@6e06451e]" name="test" duration-ms="1" started-at="2017-06-15T19:13:41Z" data-provider="dataForTests" finished-at="2017-06-15T19:13:41Z">
          <params>
            <param index="0">
              <value>
                <![CDATA[wsx]]>
              </value>
            </param>
            <param index="1">
              <value>
                <![CDATA[wsx]]>
              </value>
            </param>
          </params>
          <exception class="java.lang.NullPointerException">
            <full-stacktrace>
              <![CDATA[java.lang.NullPointerException
	at org.openqa.selenium.support.pagefactory.DefaultElementLocator.findElement(DefaultElementLocator.java:69)
	at org.openqa.selenium.support.pagefactory.internal.LocatingElementHandler.invoke(LocatingElementHandler.java:38)
	at com.sun.proxy.$Proxy7.clear(Unknown Source)
	at com.google.pages.GoogleResultPage.searchSomeText(GoogleResultPage.java:16)
	at com.web.test.FirefoxGoogleSearchTests.test(FirefoxGoogleSearchTests.java:40)
	at sun.reflect.NativeMethodAccessorImpl.invoke0(Native Method)
	at sun.reflect.NativeMethodAccessorImpl.invoke(Unknown Source)
	at sun.reflect.DelegatingMethodAccessorImpl.invoke(Unknown Source)
	at java.lang.reflect.Method.invoke(Unknown Source)
	at org.testng.internal.MethodInvocationHelper.invokeMethod(MethodInvocationHelper.java:108)
	at org.testng.internal.Invoker.invokeMethod(Invoker.java:661)
	at org.testng.internal.Invoker.invokeTestMethod(Invoker.java:869)
	at org.testng.internal.Invoker.invokeTestMethods(Invoker.java:1193)
	at org.testng.internal.TestMethodWorker.invokeTestMethods(TestMethodWorker.java:126)
	at org.testng.internal.TestMethodWorker.run(TestMethodWorker.java:109)
	at java.util.concurrent.ThreadPoolExecutor.runWorker(Unknown Source)
	at java.util.concurrent.ThreadPoolExecutor$Worker.run(Unknown Source)
	at java.lang.Thread.run(Unknown Source)
]]>
            </full-stacktrace>
          </exception> <!-- java.lang.NullPointerException -->
          <reporter-output>
          </reporter-output>
        </test-method> <!-- test -->
        <test-method status="FAIL" signature="test(java.lang.String, java.lang.String)[pri:3, instance:com.web.test.FirefoxGoogleSearchTests@6e06451e]" name="test" duration-ms="1" started-at="2017-06-15T19:13:41Z" data-provider="dataForTests" finished-at="2017-06-15T19:13:41Z">
          <params>
            <param index="0">
              <value>
                <![CDATA[edc]]>
              </value>
            </param>
            <param index="1">
              <value>
                <![CDATA[edc]]>
              </value>
            </param>
          </params>
          <exception class="java.lang.NullPointerException">
            <full-stacktrace>
              <![CDATA[java.lang.NullPointerException
	at org.openqa.selenium.support.pagefactory.DefaultElementLocator.findElement(DefaultElementLocator.java:69)
	at org.openqa.selenium.support.pagefactory.internal.LocatingElementHandler.invoke(LocatingElementHandler.java:38)
	at com.sun.proxy.$Proxy7.clear(Unknown Source)
	at com.google.pages.GoogleResultPage.searchSomeText(GoogleResultPage.java:16)
	at com.web.test.FirefoxGoogleSearchTests.test(FirefoxGoogleSearchTests.java:40)
	at sun.reflect.NativeMethodAccessorImpl.invoke0(Native Method)
	at sun.reflect.NativeMethodAccessorImpl.invoke(Unknown Source)
	at sun.reflect.DelegatingMethodAccessorImpl.invoke(Unknown Source)
	at java.lang.reflect.Method.invoke(Unknown Source)
	at org.testng.internal.MethodInvocationHelper.invokeMethod(MethodInvocationHelper.java:108)
	at org.testng.internal.Invoker.invokeMethod(Invoker.java:661)
	at org.testng.internal.Invoker.invokeTestMethod(Invoker.java:869)
	at org.testng.internal.Invoker.invokeTestMethods(Invoker.java:1193)
	at org.testng.internal.TestMethodWorker.invokeTestMethods(TestMethodWorker.java:126)
	at org.testng.internal.TestMethodWorker.run(TestMethodWorker.java:109)
	at java.util.concurrent.ThreadPoolExecutor.runWorker(Unknown Source)
	at java.util.concurrent.ThreadPoolExecutor$Worker.run(Unknown Source)
	at java.lang.Thread.run(Unknown Source)
]]>
            </full-stacktrace>
          </exception> <!-- java.lang.NullPointerException -->
          <reporter-output>
          </reporter-output>
        </test-method> <!-- test -->
        <test-method status="PASS" signature="afterClass()[pri:0, instance:com.web.test.FirefoxGoogleSearchTests@6e06451e]" name="afterClass" is-config="true" duration-ms="0" started-at="2017-06-15T19:13:41Z" finished-at="2017-06-15T19:13:41Z">
          <reporter-output>
          </reporter-output>
        </test-method> <!-- afterClass -->
      </class> <!-- com.web.test.FirefoxGoogleSearchTests -->
    </test> <!-- Firefox -->
  </suite> <!-- GoogleSearchTests -->
</testng-results>
